{"/home/sandra/Documents/code/nodejs-uppgifter/E_3_enhetstest/e_3_10/test/main_test.js":{"path":"/home/sandra/Documents/code/nodejs-uppgifter/E_3_enhetstest/e_3_10/test/main_test.js","s":{"1":1,"2":1,"3":0,"4":0,"5":0,"6":0,"7":0},"b":{},"f":{"1":0,"2":0,"3":0},"fnMap":{"1":{"name":"(anonymous_1)","line":4,"loc":{"start":{"line":4,"column":26},"end":{"line":4,"column":36}}},"2":{"name":"(anonymous_2)","line":7,"loc":{"start":{"line":7,"column":48},"end":{"line":7,"column":58}}},"3":{"name":"(anonymous_3)","line":11,"loc":{"start":{"line":11,"column":44},"end":{"line":11,"column":54}}}},"statementMap":{"1":{"start":{"line":1,"column":0},"end":{"line":1,"column":36}},"2":{"start":{"line":4,"column":0},"end":{"line":14,"column":3}},"3":{"start":{"line":5,"column":4},"end":{"line":5,"column":35}},"4":{"start":{"line":7,"column":4},"end":{"line":9,"column":7}},"5":{"start":{"line":8,"column":8},"end":{"line":8,"column":62}},"6":{"start":{"line":11,"column":4},"end":{"line":13,"column":7}},"7":{"start":{"line":12,"column":8},"end":{"line":12,"column":57}}},"branchMap":{}}}